2016-07-26, 14:43:55
Query:UPDATE hrd_candidate SET file_cv = 'cand_260716024355_harga-lm.png' WHERE id = ''  : ERROR:  invalid input syntax for integer: ""
LINE 1: ...ET file_cv = 'cand_260716024355_harga-lm.png' WHERE id = '' 
                                                                    ^
2016-07-29, 13:50:21
Query:UPDATE hrd_candidate SET file_cv = 'cand_290716015021_aspebegi.png' WHERE id = ''  : ERROR:  invalid input syntax for integer: ""
LINE 1: ...ET file_cv = 'cand_290716015021_aspebegi.png' WHERE id = '' 
                                                                    ^
2016-07-29, 13:54:03
Query:UPDATE hrd_candidate SET file_cv = 'cand_290716015403_aspebegi.png' WHERE id = ''  : ERROR:  invalid input syntax for integer: ""
LINE 1: ...ET file_cv = 'cand_290716015403_aspebegi.png' WHERE id = '' 
                                                                    ^
2016-07-29, 13:59:44
Query:UPDATE hrd_candidate SET file_cv = 'cand_290716015944_aspebegi.png' WHERE id = ''  : ERROR:  invalid input syntax for integer: ""
LINE 1: ...ET file_cv = 'cand_290716015944_aspebegi.png' WHERE id = '' 
                                                                    ^
2016-07-29, 14:32:03
Query:UPDATE hrd_candidate SET file_cv = 'cand_290716023203_indogasgroup.png' WHERE id = ''  : ERROR:  invalid input syntax for integer: ""
LINE 1: ...ile_cv = 'cand_290716023203_indogasgroup.png' WHERE id = '' 
                                                                    ^
2016-07-29, 14:34:34
Query:UPDATE hrd_candidate SET file_cv = 'cand_290716023434_indogasgroup.png' WHERE id = ''  : ERROR:  invalid input syntax for integer: ""
LINE 1: ...ile_cv = 'cand_290716023434_indogasgroup.png' WHERE id = '' 
                                                                    ^
2016-07-29, 14:38:47
Query:UPDATE hrd_candidate SET file_cv = 'cand_290716023847_indogasgroup.png' WHERE id = ''  : ERROR:  invalid input syntax for integer: ""
LINE 1: ...ile_cv = 'cand_290716023847_indogasgroup.png' WHERE id = '' 
                                                                    ^
2016-07-29, 14:42:06
Query:UPDATE hrd_candidate SET file_cv = 'cand_290716024206_aspebegi.png' WHERE id = ''  : ERROR:  invalid input syntax for integer: ""
LINE 1: ...ET file_cv = 'cand_290716024206_aspebegi.png' WHERE id = '' 
                                                                    ^
2016-07-29, 14:45:08
Query:UPDATE hrd_candidate SET file_cv = 'cand_290716024508_aspebegi.png' WHERE id = ''  : ERROR:  invalid input syntax for integer: ""
LINE 1: ...ET file_cv = 'cand_290716024508_aspebegi.png' WHERE id = '' 
                                                                    ^
2016-07-29, 14:50:43
Query:UPDATE hrd_candidate SET file_cv = 'cand_290716025043_aspebegi.png' WHERE id = ''  : ERROR:  invalid input syntax for integer: ""
LINE 1: ...ET file_cv = 'cand_290716025043_aspebegi.png' WHERE id = '' 
                                                                    ^
2016-08-02, 14:50:38
Query:SELECT * FROM hrd_recruitment_need where id='' : ERROR:  invalid input syntax for integer: ""
LINE 1: SELECT * FROM hrd_recruitment_need where id=''
                                                    ^
2016-08-02, 14:59:41
Query:SELECT t1.*, t2.company_name as company FROM hrd_salary_grade as t1
LEFT JOIN hrd_company as t2 ON t2.id=t1.company_id ORDER BY "grade_code"  : ERROR:  column t1.company_id does not exist
LINE 2: LEFT JOIN hrd_company as t2 ON t2.id=t1.company_id ORDER BY ...
                                             ^
2016-08-02, 15:00:00
Query:SELECT t1.*, t2.company_name as company FROM hrd_salary_grade as t1
LEFT JOIN hrd_company as t2 ON t2.id=t1.company_id ORDER BY "grade_code"  : ERROR:  column t1.company_id does not exist
LINE 2: LEFT JOIN hrd_company as t2 ON t2.id=t1.company_id ORDER BY ...
                                             ^
2016-08-02, 15:00:08
Query:SELECT t1.*, t2.company_name as company FROM hrd_salary_grade as t1
LEFT JOIN hrd_company as t2 ON t2.id=t1.company_id ORDER BY "grade_code"  : ERROR:  column t1.company_id does not exist
LINE 2: LEFT JOIN hrd_company as t2 ON t2.id=t1.company_id ORDER BY ...
                                             ^
2016-08-02, 15:00:21
Query:SELECT t1.*, t2.company_name as company FROM hrd_salary_grade as t1
LEFT JOIN hrd_company as t2 ON t2.id=t1.company_id ORDER BY "grade_code"  : ERROR:  column t1.company_id does not exist
LINE 2: LEFT JOIN hrd_company as t2 ON t2.id=t1.company_id ORDER BY ...
                                             ^
2016-08-02, 15:02:08
Query:SELECT t1.*, t2.company_name as company FROM hrd_salary_grade as t1
LEFT JOIN hrd_company as t2 ON t2.id=t1.company_id ORDER BY "grade_code"  : ERROR:  column t1.company_id does not exist
LINE 2: LEFT JOIN hrd_company as t2 ON t2.id=t1.company_id ORDER BY ...
                                             ^
2016-08-03, 18:44:04
Query:SELECT * FROM "hrd_company" WHERE company_code LIKE '%' ORDER BY management_code   : ERROR:  column "management_code" does not exist
LINE 1: ...hrd_company" WHERE company_code LIKE '%' ORDER BY management...
                                                             ^
2016-08-04, 4:51:16
Query:SELECT COUNT(*) AS total FROM hrd_functional  WHERE  lower("company_name") LIKE '%ddl%' : ERROR:  column "company_name" does not exist
LINE 1: ...UNT(*) AS total FROM hrd_functional  WHERE  lower("company_n...
                                                             ^
2016-08-04, 4:51:20
Query:SELECT COUNT(*) AS total FROM hrd_functional  WHERE  lower("company_name") LIKE '%dharma%' : ERROR:  column "company_name" does not exist
LINE 1: ...UNT(*) AS total FROM hrd_functional  WHERE  lower("company_n...
                                                             ^
2016-08-04, 8:53:13
Query:SELECT COUNT(*) AS total FROM hrd_functional  WHERE (  lower("functional_code") LIKE '%indovic%' OR lower("functional_name") LIKE '%indovic%' OR lower("position_code") LIKE '%indovic%' OR lower("company_name") LIKE '%indovic%' OR lower("note") LIKE '%indovic%' ) : ERROR:  column "company_name" does not exist
LINE 1: ... lower("position_code") LIKE '%indovic%' OR lower("company_n...
                                                             ^
2016-08-04, 8:53:13
Query:SELECT t1.*,t2.functional_name as head_code_name, t3.company_name FROM hrd_functional as t1
                      LEFT JOIN hrd_functional as t2 ON t2.functional_code=t1.head_code
                      LEFT JOIN hrd_company as t3 ON t3.id=t1.company_id WHERE (  lower("functional_code") LIKE '%indovic%' OR lower("functional_name") LIKE '%indovic%' OR lower("position_code") LIKE '%indovic%' OR lower("company_name") LIKE '%indovic%' OR lower("note") LIKE '%indovic%' ) ORDER BY "functional_code"  LIMIT 15 OFFSET 0 : ERROR:  column reference "functional_code" is ambiguous
LINE 3: ...mpany as t3 ON t3.id=t1.company_id WHERE (  lower("functiona...
                                                             ^
2016-08-04, 9:19:33
Query:SELECT COUNT(*) AS total FROM hrd_functional  WHERE (  lower("functional_code") LIKE '%indovic%' OR lower("functional_name") LIKE '%indovic%' OR lower("position_code") LIKE '%indovic%' OR lower("company_name") LIKE '%indovic%' OR lower("note") LIKE '%indovic%' ) : ERROR:  column "company_name" does not exist
LINE 1: ... lower("position_code") LIKE '%indovic%' OR lower("company_n...
                                                             ^
2016-08-04, 9:19:33
Query:SELECT t1.*,t3.company_name FROM hrd_functional as t1
                      LEFT JOIN hrd_company as t3 ON t3.id=t1.company_id WHERE (  lower("functional_code") LIKE '%indovic%' OR lower("functional_name") LIKE '%indovic%' OR lower("position_code") LIKE '%indovic%' OR lower("company_name") LIKE '%indovic%' OR lower("note") LIKE '%indovic%' ) ORDER BY "functional_code"  LIMIT 15 OFFSET 0 : ERROR:  column reference "note" is ambiguous
LINE 2: ...R lower("company_name") LIKE '%indovic%' OR lower("note") LI...
                                                             ^
2016-08-04, 9:30:56
Query:SELECT COUNT(*) AS total FROM hrd_functional  WHERE (  lower("functional_code") LIKE '%indovic%' OR lower("functional_name") LIKE '%indovic%' OR lower("position_code") LIKE '%indovic%' OR lower("company_name") LIKE '%indovic%' ) : ERROR:  column "company_name" does not exist
LINE 1: ... lower("position_code") LIKE '%indovic%' OR lower("company_n...
                                                             ^
2016-08-04, 9:37:51
Query:SELECT t0.*,
                    CASE WHEN (t0.marital_status= 1 OR t0.wedding_date IS NOT NULL) THEN
                     'MARRIED' ELSE 'SINGLE' 
                    END AS ket_marital_status,(EXTRACT(YEAR FROM AGE(birthday))) AS umur, (EXTRACT(YEAR FROM AGE("join_date"))) AS joinyear,
                     management_name, division_name, department_name, section_name, sub_section_name, branch_name, position_name, functional_name
                     FROM hrd_employee AS t0
                     LEFT JOIN hrd_management AS t1 ON t0.management_code = t1.management_code
                     LEFT JOIN hrd_division AS t2 ON t0.division_code = t2.division_code
                     LEFT JOIN hrd_department AS t3 ON t0.department_code = t3.department_code
                     LEFT JOIN hrd_section AS t4 ON t0.section_code = t4.section_code
                     LEFT JOIN hrd_sub_section AS t6 ON t0.sub_section_code = t6.sub_section_code
                     LEFT JOIN hrd_branch AS t5 ON t0.branch_code = t5.branch_code
                     LEFT JOIN hrd_position AS t7 ON t0.position_code = t7.position_code
                     LEFT JOIN hrd_functional AS t8 ON t0.functional_code = t8.functional_code
                    WHERE 1=1
           AND "id_company" = '15' 
                       AND (  lower("employee_id") LIKE '%gmail%' OR lower("employee_name") LIKE '%gmail%' OR lower("npwp") LIKE '%gmail%' OR lower("management_name") LIKE '%gmail%' OR lower("division_name") LIKE '%gmail%' OR lower("branch_name") LIKE '%gmail%' OR lower("position_name") LIKE '%gmail%' OR lower("grade_code") LIKE '%gmail%' OR lower("functional_name") LIKE '%gmail%' OR lower("salary_currency") LIKE '%gmail%' OR lower("primary_phone") LIKE '%gmail%' OR lower("email") LIKE '%gmail%' OR lower("note") LIKE '%gmail%' ) ORDER BY "employee_name", "division_name", "department_name", "section_name", "sub_section_name"  : ERROR:  column reference "note" is ambiguous
LINE 17: ...gmail%' OR lower("email") LIKE '%gmail%' OR lower("note") LI...
                                                              ^
